[debug] [2023-06-19T13:50:25.140Z] ----------------------------------------------------------------------
[debug] [2023-06-19T13:50:25.142Z] Command:       C:\Program Files\nodejs\node.exe C:\Users\user\AppData\Roaming\npm\node_modules\firebase-tools\lib\bin\firebase.js init
[debug] [2023-06-19T13:50:25.143Z] CLI Version:   12.4.0
[debug] [2023-06-19T13:50:25.144Z] Platform:      win32
[debug] [2023-06-19T13:50:25.144Z] Node Version:  v18.16.0
[debug] [2023-06-19T13:50:25.145Z] Time:          Mon Jun 19 2023 15:50:25 GMT+0200 (South Africa Standard Time)
[debug] [2023-06-19T13:50:25.145Z] ----------------------------------------------------------------------
[debug] 
[debug] [2023-06-19T13:50:25.155Z] > command requires scopes: ["email","openid","https://www.googleapis.com/auth/cloudplatformprojects.readonly","https://www.googleapis.com/auth/firebase","https://www.googleapis.com/auth/cloud-platform"]
[debug] [2023-06-19T13:50:25.156Z] > authorizing via signed-in user (papi.zoe.sa@gmail.com)
[info] 
     ######## #### ########  ######## ########     ###     ######  ########
     ##        ##  ##     ## ##       ##     ##  ##   ##  ##       ##
     ######    ##  ########  ######   ########  #########  ######  ######
     ##        ##  ##    ##  ##       ##     ## ##     ##       ## ##
     ##       #### ##     ## ######## ########  ##     ##  ######  ########

You're about to initialize a Firebase project in this directory:

  C:\Users\user\Downloads\crypto-app-react-main\crypto-app-react-main

[info] 
=== Project Setup
[info] 
[info] First, let's associate this project directory with a Firebase project.
[info] You can create multiple project aliases by running firebase use --add, 
[info] but for now we'll just set up a default project.
[info] 
[debug] [2023-06-19T13:50:50.253Z] >>> [apiv2][query] GET https://firebase.googleapis.com/v1beta1/projects pageSize=100
[debug] [2023-06-19T13:50:57.231Z] Failed to make request to https://firebase.googleapis.com/v1beta1/projects?pageSize=100
[debug] [2023-06-19T13:50:57.794Z] FirebaseError: Failed to make request to https://firebase.googleapis.com/v1beta1/projects?pageSize=100
    at RetryOperation._fn (C:\Users\user\AppData\Roaming\npm\node_modules\firebase-tools\lib\apiv2.js:242:31)
    at process.processTicksAndRejections (node:internal/process/task_queues:95:5)
[error] 
[error] Error: Failed to list Firebase projects. See firebase-debug.log for more info.
